LogFile : /Users/harrisonwjy/godispatch/src/github.com/harrizontal/dispatchserver/assets/driver/dispatcher.log
2016-11-02 00:24:31 +0800 +08 [Dispatcher 1]Driver 47 with ranking index 1 and total earning 0
2016-11-02 00:24:31 +0800 +08 [Dispatcher 1]Driver 71 with ranking index 1 and total earning 0
2016-11-02 00:24:31 +0800 +08 [Dispatcher 1]Driver 199 with ranking index 1 and total earning 0
2016-11-02 00:24:31 +0800 +08 [Dispatcher 1]Driver 33 with ranking index 1 and total earning 0
2016-11-02 00:24:31 +0800 +08 [Dispatcher 1]Driver 55 with ranking index 1 and total earning 0
2016-11-02 00:24:31 +0800 +08 [Dispatcher 1]Driver 155 with ranking index 1 and total earning 0
2016-11-02 00:24:31 +0800 +08 [Dispatcher 1]Driver 158 with ranking index 1 and total earning 0
2016-11-02 00:24:31 +0800 +08 [Dispatcher 1]Driver 191 with ranking index 1 and total earning 0
2016-11-02 00:24:31 +0800 +08 [Dispatcher 1]Driver 37 with ranking index 1 and total earning 0
2016-11-02 00:24:31 +0800 +08 [Dispatcher 1]Driver 39 with ranking index 1 and total earning 0
2016-11-02 00:24:31 +0800 +08 [Dispatcher 1]Driver 74 with ranking index 1 and total earning 0
2016-11-02 00:24:31 +0800 +08 [Dispatcher 1]Driver 139 with ranking index 1 and total earning 0
2016-11-02 00:24:31 +0800 +08 [Dispatcher 1]Driver 162 with ranking index 1 and total earning 0
2016-11-02 00:24:31 +0800 +08 [Dispatcher 1]Driver 192 with ranking index 1 and total earning 0
2016-11-02 00:24:31 +0800 +08 [Dispatcher 1]Driver 197 with ranking index 1 and total earning 0
2016-11-02 00:24:31 +0800 +08 [Dispatcher 1]Driver 34 with ranking index 1 and total earning 0
2016-11-02 00:24:31 +0800 +08 [Dispatcher 1]Driver 87 with ranking index 1 and total earning 0
2016-11-02 00:24:31 +0800 +08 [Dispatcher 1]Driver 122 with ranking index 1 and total earning 0
2016-11-02 00:24:31 +0800 +08 [Dispatcher 1]Driver 138 with ranking index 1 and total earning 0
2016-11-02 00:24:31 +0800 +08 [Dispatcher 1]Driver 153 with ranking index 1 and total earning 0
2016-11-02 00:24:31 +0800 +08 [Dispatcher 1]Driver 198 with ranking index 1 and total earning 0
2016-11-02 00:24:31 +0800 +08 [Dispatcher 1]Driver 3 with ranking index 1 and total earning 0
2016-11-02 00:24:31 +0800 +08 [Dispatcher 1]Driver 60 with ranking index 1 and total earning 0
2016-11-02 00:24:31 +0800 +08 [Dispatcher 1]Driver 86 with ranking index 1 and total earning 0
2016-11-02 00:24:31 +0800 +08 [Dispatcher 1]Driver 147 with ranking index 1 and total earning 0
2016-11-02 00:24:31 +0800 +08 [Dispatcher 1]Driver 186 with ranking index 1 and total earning 0
2016-11-02 00:24:31 +0800 +08 [Dispatcher 1]Driver 23 with ranking index 1 and total earning 0
2016-11-02 00:24:31 +0800 +08 [Dispatcher 1]Driver 25 with ranking index 1 and total earning 0
2016-11-02 00:24:31 +0800 +08 [Dispatcher 1]Driver 46 with ranking index 1 and total earning 0
2016-11-02 00:24:31 +0800 +08 [Dispatcher 1]Driver 103 with ranking index 1 and total earning 0
2016-11-02 00:24:31 +0800 +08 [Dispatcher 1]Driver 120 with ranking index 1 and total earning 0
2016-11-02 00:24:31 +0800 +08 [Dispatcher 1]Driver 179 with ranking index 1 and total earning 0
2016-11-02 00:24:31 +0800 +08 [Dispatcher 1]Driver 183 with ranking index 1 and total earning 0
2016-11-02 00:24:31 +0800 +08 [Dispatcher 1]Driver 42 with ranking index 1 and total earning 0
2016-11-02 00:24:31 +0800 +08 [Dispatcher 1]Driver 102 with ranking index 1 and total earning 0
2016-11-02 00:24:31 +0800 +08 [Dispatcher 1]Driver 123 with ranking index 1 and total earning 0
2016-11-02 00:24:31 +0800 +08 [Dispatcher 1]Driver 135 with ranking index 1 and total earning 0
2016-11-02 00:24:31 +0800 +08 [Dispatcher 1]Driver 142 with ranking index 1 and total earning 0
2016-11-02 00:24:31 +0800 +08 [Dispatcher 1]Driver 146 with ranking index 1 and total earning 0
2016-11-02 00:24:31 +0800 +08 [Dispatcher 1]Driver 163 with ranking index 1 and total earning 0
2016-11-02 00:24:31 +0800 +08 [Dispatcher 1]Driver 174 with ranking index 1 and total earning 0
2016-11-02 00:24:31 +0800 +08 [Dispatcher 1]Driver 8 with ranking index 1 and total earning 0
2016-11-02 00:24:31 +0800 +08 [Dispatcher 1]Driver 30 with ranking index 1 and total earning 0
2016-11-02 00:24:31 +0800 +08 [Dispatcher 1]Driver 110 with ranking index 1 and total earning 0
2016-11-02 00:24:31 +0800 +08 [Dispatcher 1]Driver 118 with ranking index 1 and total earning 0
2016-11-02 00:24:31 +0800 +08 [Dispatcher 1]Driver 131 with ranking index 1 and total earning 0
2016-11-02 00:24:31 +0800 +08 [Dispatcher 1]Driver 31 with ranking index 1 and total earning 0
2016-11-02 00:24:31 +0800 +08 [Dispatcher 1]Driver 44 with ranking index 1 and total earning 0
2016-11-02 00:24:31 +0800 +08 [Dispatcher 1]Driver 126 with ranking index 1 and total earning 0
2016-11-02 00:24:31 +0800 +08 [Dispatcher 1]Driver 154 with ranking index 1 and total earning 0
2016-11-02 00:24:31 +0800 +08 [Dispatcher 1]Driver 157 with ranking index 1 and total earning 0
2016-11-02 00:24:31 +0800 +08 [Dispatcher 1]Driver 1 with ranking index 1 and total earning 0
2016-11-02 00:24:31 +0800 +08 [Dispatcher 1]Driver 4 with ranking index 1 and total earning 0
2016-11-02 00:24:31 +0800 +08 [Dispatcher 1]Driver 16 with ranking index 1 and total earning 0
2016-11-02 00:24:31 +0800 +08 [Dispatcher 1]Driver 88 with ranking index 1 and total earning 0
2016-11-02 00:24:31 +0800 +08 [Dispatcher 1]Driver 99 with ranking index 1 and total earning 0
2016-11-02 00:24:31 +0800 +08 [Dispatcher 1]Driver 176 with ranking index 1 and total earning 0
2016-11-02 00:24:31 +0800 +08 [Dispatcher 1]Driver 178 with ranking index 1 and total earning 0
2016-11-02 00:24:31 +0800 +08 [Dispatcher 1]Driver 200 with ranking index 1 and total earning 0
2016-11-02 00:24:31 +0800 +08 [Dispatcher 1]Driver 26 with ranking index 1 and total earning 0
2016-11-02 00:24:31 +0800 +08 [Dispatcher 1]Driver 72 with ranking index 1 and total earning 0
2016-11-02 00:24:31 +0800 +08 [Dispatcher 1]Driver 165 with ranking index 1 and total earning 0
2016-11-02 00:24:31 +0800 +08 [Dispatcher 1]Driver 171 with ranking index 1 and total earning 0
2016-11-02 00:24:31 +0800 +08 [Dispatcher 1]Driver 175 with ranking index 1 and total earning 0
2016-11-02 00:24:31 +0800 +08 [Dispatcher 1]Driver 177 with ranking index 1 and total earning 0
2016-11-02 00:24:31 +0800 +08 [Dispatcher 1]Driver 187 with ranking index 1 and total earning 0
2016-11-02 00:24:31 +0800 +08 [Dispatcher 1]Driver 21 with ranking index 1 and total earning 0
2016-11-02 00:24:31 +0800 +08 [Dispatcher 1]Driver 29 with ranking index 1 and total earning 0
2016-11-02 00:24:31 +0800 +08 [Dispatcher 1]Driver 45 with ranking index 1 and total earning 0
2016-11-02 00:24:31 +0800 +08 [Dispatcher 1]Driver 58 with ranking index 1 and total earning 0
2016-11-02 00:24:31 +0800 +08 [Dispatcher 1]Driver 107 with ranking index 1 and total earning 0
2016-11-02 00:24:31 +0800 +08 [Dispatcher 1]Driver 141 with ranking index 1 and total earning 0
2016-11-02 00:24:31 +0800 +08 [Dispatcher 1]Driver 193 with ranking index 1 and total earning 0
2016-11-02 00:24:31 +0800 +08 [Dispatcher 1]Driver 38 with ranking index 1 and total earning 0
2016-11-02 00:24:31 +0800 +08 [Dispatcher 1]Driver 64 with ranking index 1 and total earning 0
2016-11-02 00:24:31 +0800 +08 [Dispatcher 1]Driver 65 with ranking index 1 and total earning 0
2016-11-02 00:24:31 +0800 +08 [Dispatcher 1]Driver 78 with ranking index 1 and total earning 0
2016-11-02 00:24:31 +0800 +08 [Dispatcher 1]Driver 90 with ranking index 1 and total earning 0
2016-11-02 00:24:31 +0800 +08 [Dispatcher 1]Driver 24 with ranking index 1 and total earning 0
2016-11-02 00:24:31 +0800 +08 [Dispatcher 1]Driver 81 with ranking index 1 and total earning 0
2016-11-02 00:24:31 +0800 +08 [Dispatcher 1]Driver 113 with ranking index 1 and total earning 0
2016-11-02 00:24:31 +0800 +08 [Dispatcher 1]Driver 127 with ranking index 1 and total earning 0
2016-11-02 00:24:31 +0800 +08 [Dispatcher 1]Driver 145 with ranking index 1 and total earning 0
2016-11-02 00:24:31 +0800 +08 [Dispatcher 1]Driver 7 with ranking index 1 and total earning 0
2016-11-02 00:24:31 +0800 +08 [Dispatcher 1]Driver 41 with ranking index 1 and total earning 0
2016-11-02 00:24:31 +0800 +08 [Dispatcher 1]Driver 54 with ranking index 1 and total earning 0
2016-11-02 00:24:31 +0800 +08 [Dispatcher 1]Driver 98 with ranking index 1 and total earning 0
2016-11-02 00:24:31 +0800 +08 [Dispatcher 1]Driver 105 with ranking index 1 and total earning 0
2016-11-02 00:24:31 +0800 +08 [Dispatcher 1]Driver 148 with ranking index 1 and total earning 0
2016-11-02 00:24:31 +0800 +08 [Dispatcher 1]Driver 161 with ranking index 1 and total earning 0
2016-11-02 00:24:31 +0800 +08 [Dispatcher 1]Driver 181 with ranking index 1 and total earning 0
2016-11-02 00:24:31 +0800 +08 [Dispatcher 1]Driver 189 with ranking index 1 and total earning 0
2016-11-02 00:24:31 +0800 +08 [Dispatcher 1]Driver 89 with ranking index 1 and total earning 0
2016-11-02 00:24:31 +0800 +08 [Dispatcher 1]Driver 150 with ranking index 1 and total earning 0
2016-11-02 00:24:31 +0800 +08 [Dispatcher 1]Driver 6 with ranking index 1 and total earning 0
2016-11-02 00:24:31 +0800 +08 [Dispatcher 1]Driver 128 with ranking index 1 and total earning 0
2016-11-02 00:24:31 +0800 +08 [Dispatcher 1]Driver 134 with ranking index 1 and total earning 0
2016-11-02 00:24:31 +0800 +08 [Dispatcher 1]Driver 156 with ranking index 1 and total earning 0
2016-11-02 00:24:31 +0800 +08 [Dispatcher 1]Driver 194 with ranking index 1 and total earning 0
2016-11-02 00:24:31 +0800 +08 [Dispatcher 1]Driver 170 with ranking index 1 and total earning 0
2016-11-02 00:24:31 +0800 +08 [Dispatcher 1]Driver 180 with ranking index 1 and total earning 0
2016-11-02 00:24:31 +0800 +08 [Dispatcher 1]Driver 12 with ranking index 1 and total earning 0
2016-11-02 00:24:31 +0800 +08 [Dispatcher 1]Driver 68 with ranking index 1 and total earning 0
2016-11-02 00:24:31 +0800 +08 [Dispatcher 1]Driver 82 with ranking index 1 and total earning 0
2016-11-02 00:24:31 +0800 +08 [Dispatcher 1]Driver 115 with ranking index 1 and total earning 0
2016-11-02 00:24:31 +0800 +08 [Dispatcher 1]Driver 151 with ranking index 1 and total earning 0
2016-11-02 00:24:31 +0800 +08 [Dispatcher 1]Driver 173 with ranking index 1 and total earning 0
2016-11-02 00:24:31 +0800 +08 [Dispatcher 1]Driver 43 with ranking index 1 and total earning 0
2016-11-02 00:24:31 +0800 +08 [Dispatcher 1]Driver 75 with ranking index 1 and total earning 0
2016-11-02 00:24:31 +0800 +08 [Dispatcher 1]Driver 92 with ranking index 1 and total earning 0
2016-11-02 00:24:31 +0800 +08 [Dispatcher 1]Driver 114 with ranking index 1 and total earning 0
2016-11-02 00:24:31 +0800 +08 [Dispatcher 1]Driver 125 with ranking index 1 and total earning 0
2016-11-02 00:24:31 +0800 +08 [Dispatcher 1]Driver 166 with ranking index 1 and total earning 0
2016-11-02 00:24:31 +0800 +08 [Dispatcher 1]Driver 5 with ranking index 1 and total earning 0
2016-11-02 00:24:31 +0800 +08 [Dispatcher 1]Driver 51 with ranking index 1 and total earning 0
2016-11-02 00:24:31 +0800 +08 [Dispatcher 1]Driver 52 with ranking index 1 and total earning 0
2016-11-02 00:24:31 +0800 +08 [Dispatcher 1]Driver 66 with ranking index 1 and total earning 0
2016-11-02 00:24:31 +0800 +08 [Dispatcher 1]Driver 91 with ranking index 1 and total earning 0
2016-11-02 00:24:31 +0800 +08 [Dispatcher 1]Driver 159 with ranking index 1 and total earning 0
2016-11-02 00:24:31 +0800 +08 [Dispatcher 1]Driver 160 with ranking index 1 and total earning 0
2016-11-02 00:24:31 +0800 +08 [Dispatcher 1]Driver 196 with ranking index 1 and total earning 0
2016-11-02 00:24:31 +0800 +08 [Dispatcher 1]Driver 11 with ranking index 1 and total earning 0
2016-11-02 00:24:31 +0800 +08 [Dispatcher 1]Driver 67 with ranking index 1 and total earning 0
2016-11-02 00:24:31 +0800 +08 [Dispatcher 1]Driver 93 with ranking index 1 and total earning 0
2016-11-02 00:24:31 +0800 +08 [Dispatcher 1]Driver 132 with ranking index 1 and total earning 0
2016-11-02 00:24:31 +0800 +08 [Dispatcher 1]Driver 133 with ranking index 1 and total earning 0
2016-11-02 00:24:31 +0800 +08 [Dispatcher 1]Driver 97 with ranking index 1 and total earning 0
2016-11-02 00:24:31 +0800 +08 [Dispatcher 1]Driver 121 with ranking index 1 and total earning 0
2016-11-02 00:24:31 +0800 +08 [Dispatcher 1]Driver 136 with ranking index 1 and total earning 0
2016-11-02 00:24:31 +0800 +08 [Dispatcher 1]Driver 10 with ranking index 1 and total earning 0
2016-11-02 00:24:31 +0800 +08 [Dispatcher 1]Driver 14 with ranking index 1 and total earning 0
2016-11-02 00:24:31 +0800 +08 [Dispatcher 1]Driver 17 with ranking index 1 and total earning 0
2016-11-02 00:24:31 +0800 +08 [Dispatcher 1]Driver 85 with ranking index 1 and total earning 0
2016-11-02 00:24:31 +0800 +08 [Dispatcher 1]Driver 95 with ranking index 1 and total earning 0
2016-11-02 00:24:31 +0800 +08 [Dispatcher 1]Driver 77 with ranking index 1 and total earning 0
2016-11-02 00:24:31 +0800 +08 [Dispatcher 1]Driver 84 with ranking index 1 and total earning 0
2016-11-02 00:24:31 +0800 +08 [Dispatcher 1]Driver 112 with ranking index 1 and total earning 0
2016-11-02 00:24:31 +0800 +08 [Dispatcher 1]Driver 15 with ranking index 1 and total earning 0
2016-11-02 00:24:31 +0800 +08 [Dispatcher 1]Driver 32 with ranking index 1 and total earning 0
2016-11-02 00:24:31 +0800 +08 [Dispatcher 1]Driver 48 with ranking index 1 and total earning 0
2016-11-02 00:24:31 +0800 +08 [Dispatcher 1]Driver 53 with ranking index 1 and total earning 0
2016-11-02 00:24:31 +0800 +08 [Dispatcher 1]Driver 57 with ranking index 1 and total earning 0
2016-11-02 00:24:31 +0800 +08 [Dispatcher 1]Driver 124 with ranking index 1 and total earning 0
2016-11-02 00:24:31 +0800 +08 [Dispatcher 1]Driver 129 with ranking index 1 and total earning 0
2016-11-02 00:24:31 +0800 +08 [Dispatcher 1]Driver 144 with ranking index 1 and total earning 0
2016-11-02 00:24:31 +0800 +08 [Dispatcher 1]Driver 184 with ranking index 1 and total earning 0
2016-11-02 00:24:31 +0800 +08 [Dispatcher 1]Driver 195 with ranking index 1 and total earning 0
2016-11-02 00:24:31 +0800 +08 [Dispatcher 1]Driver 167 with ranking index 1 and total earning 0
2016-11-02 00:24:31 +0800 +08 [Dispatcher 1]Driver 143 with ranking index 1 and total earning 0
2016-11-02 00:24:31 +0800 +08 [Dispatcher 1]Driver 2 with ranking index 1 and total earning 0
2016-11-02 00:24:31 +0800 +08 [Dispatcher 1]Driver 13 with ranking index 1 and total earning 0
2016-11-02 00:24:31 +0800 +08 [Dispatcher 1]Driver 50 with ranking index 1 and total earning 0
2016-11-02 00:24:31 +0800 +08 [Dispatcher 1]Driver 101 with ranking index 1 and total earning 0
2016-11-02 00:24:31 +0800 +08 [Dispatcher 1]Driver 117 with ranking index 1 and total earning 0
2016-11-02 00:24:31 +0800 +08 [Dispatcher 1]Driver 22 with ranking index 1 and total earning 0
2016-11-02 00:24:31 +0800 +08 [Dispatcher 1]Driver 69 with ranking index 1 and total earning 0
2016-11-02 00:24:31 +0800 +08 [Dispatcher 1]Driver 130 with ranking index 1 and total earning 0
2016-11-02 00:24:31 +0800 +08 [Dispatcher 1]Driver 172 with ranking index 1 and total earning 0
2016-11-02 00:24:31 +0800 +08 [Dispatcher 1]Driver 188 with ranking index 1 and total earning 0
2016-11-02 00:24:31 +0800 +08 [Dispatcher 1]Driver 76 with ranking index 1 and total earning 0
2016-11-02 00:24:31 +0800 +08 [Dispatcher 1]Driver 104 with ranking index 1 and total earning 0
2016-11-02 00:24:31 +0800 +08 [Dispatcher 1]Driver 137 with ranking index 1 and total earning 0
2016-11-02 00:24:31 +0800 +08 [Dispatcher 1]Driver 28 with ranking index 1 and total earning 0
2016-11-02 00:24:31 +0800 +08 [Dispatcher 1]Driver 40 with ranking index 1 and total earning 0
2016-11-02 00:24:31 +0800 +08 [Dispatcher 1]Driver 61 with ranking index 1 and total earning 0
2016-11-02 00:24:31 +0800 +08 [Dispatcher 1]Driver 70 with ranking index 1 and total earning 0
2016-11-02 00:24:31 +0800 +08 [Dispatcher 1]Driver 73 with ranking index 1 and total earning 0
2016-11-02 00:24:31 +0800 +08 [Dispatcher 1]Driver 140 with ranking index 1 and total earning 0
2016-11-02 00:24:31 +0800 +08 [Dispatcher 1]Driver 116 with ranking index 1 and total earning 0
2016-11-02 00:24:31 +0800 +08 [Dispatcher 1]Driver 119 with ranking index 1 and total earning 0
2016-11-02 00:24:31 +0800 +08 [Dispatcher 1]Driver 149 with ranking index 1 and total earning 0
2016-11-02 00:24:31 +0800 +08 [Dispatcher 1]Driver 59 with ranking index 1 and total earning 0
2016-11-02 00:24:31 +0800 +08 [Dispatcher 1]Driver 62 with ranking index 1 and total earning 0
2016-11-02 00:24:31 +0800 +08 [Dispatcher 1]Driver 94 with ranking index 1 and total earning 0
2016-11-02 00:24:31 +0800 +08 [Dispatcher 1]Driver 96 with ranking index 1 and total earning 0
2016-11-02 00:24:31 +0800 +08 [Dispatcher 1]Driver 106 with ranking index 1 and total earning 0
2016-11-02 00:24:31 +0800 +08 [Dispatcher 1]Driver 164 with ranking index 1 and total earning 0
2016-11-02 00:24:31 +0800 +08 [Dispatcher 1]Driver 169 with ranking index 1 and total earning 0
2016-11-02 00:24:31 +0800 +08 [Dispatcher 1]Driver 182 with ranking index 1 and total earning 0
2016-11-02 00:24:31 +0800 +08 [Dispatcher 1]Driver 185 with ranking index 1 and total earning 0
2016-11-02 00:24:31 +0800 +08 [Dispatcher 1]Driver 36 with ranking index 1 and total earning 0
2016-11-02 00:24:31 +0800 +08 [Dispatcher 1]Driver 56 with ranking index 1 and total earning 0
2016-11-02 00:24:31 +0800 +08 [Dispatcher 1]Driver 79 with ranking index 1 and total earning 0
2016-11-02 00:24:31 +0800 +08 [Dispatcher 1]Driver 83 with ranking index 1 and total earning 0
2016-11-02 00:24:31 +0800 +08 [Dispatcher 1]Driver 9 with ranking index 1 and total earning 0
2016-11-02 00:24:31 +0800 +08 [Dispatcher 1]Driver 35 with ranking index 1 and total earning 0
2016-11-02 00:24:31 +0800 +08 [Dispatcher 1]Driver 109 with ranking index 1 and total earning 0
2016-11-02 00:24:31 +0800 +08 [Dispatcher 1]Driver 111 with ranking index 1 and total earning 0
2016-11-02 00:24:31 +0800 +08 [Dispatcher 1]Driver 190 with ranking index 1 and total earning 0
2016-11-02 00:24:31 +0800 +08 [Dispatcher 1]Driver 108 with ranking index 1 and total earning 0
2016-11-02 00:24:31 +0800 +08 [Dispatcher 1]Driver 18 with ranking index 1 and total earning 0
2016-11-02 00:24:31 +0800 +08 [Dispatcher 1]Driver 19 with ranking index 1 and total earning 0
2016-11-02 00:24:31 +0800 +08 [Dispatcher 1]Driver 20 with ranking index 1 and total earning 0
2016-11-02 00:24:31 +0800 +08 [Dispatcher 1]Driver 27 with ranking index 1 and total earning 0
2016-11-02 00:24:31 +0800 +08 [Dispatcher 1]Driver 49 with ranking index 1 and total earning 0
2016-11-02 00:24:31 +0800 +08 [Dispatcher 1]Driver 63 with ranking index 1 and total earning 0
2016-11-02 00:24:31 +0800 +08 [Dispatcher 1]Driver 80 with ranking index 1 and total earning 0
2016-11-02 00:24:31 +0800 +08 [Dispatcher 1]Driver 100 with ranking index 1 and total earning 0
2016-11-02 00:24:31 +0800 +08 [Dispatcher 1]Driver 152 with ranking index 1 and total earning 0
2016-11-02 00:24:31 +0800 +08 [Dispatcher 1]Driver 168 with ranking index 1 and total earning 0
2016-11-02 00:24:31 +0800 +08 [Dispatcher 1, Count: 1]Task 6a398c31f6bcc6e5fcb4b7a0899f059e (2016-11-02 00:06:45 +0800 +08) with value 79.13, distance 26.37520250267417 to Driver 47
2016-11-02 00:24:31 +0800 +08 [Dispatcher 1, Count: 1]Task 42622a30689b365d40ef7bc59d798805 (2016-11-02 00:03:36 +0800 +08) with value 74.85, distance 24.948946094554866 to Driver 71
2016-11-02 00:24:31 +0800 +08 [Dispatcher 1, Count: 1]Task dce88e8e769ef6403e7be319964affcc (2016-11-02 00:05:00 +0800 +08) with value 69.71, distance 23.23659507345022 to Driver 199
2016-11-02 00:24:31 +0800 +08 [Dispatcher 1, Count: 1]Task 7e688bf110b8e2c4c9f7a36c64f6233a (2016-11-02 00:06:53 +0800 +08) with value 64.18, distance 21.393933387511396 to Driver 33
2016-11-02 00:24:31 +0800 +08 [Dispatcher 1, Count: 1]Task abf94e2e3485b209dffc6cc867265f2f (2016-11-02 00:04:31 +0800 +08) with value 59.1, distance 19.699532337457725 to Driver 55
2016-11-02 00:24:31 +0800 +08 [Dispatcher 1, Count: 1]Task aabf20476d2e8ce06a8e4e1d8d2f3ba4 (2016-11-02 00:06:00 +0800 +08) with value 57.87, distance 19.291360304013857 to Driver 155
2016-11-02 00:24:31 +0800 +08 [Dispatcher 1, Count: 1]Task 70d2bc9b7744177adf15921cb68907a0 (2016-11-02 00:04:21 +0800 +08) with value 51.38, distance 17.125767570946316 to Driver 158
2016-11-02 00:24:31 +0800 +08 [Dispatcher 1, Count: 1]Task 712ff453600504d2016311c109a1ca68 (2016-11-02 00:06:54 +0800 +08) with value 50.6, distance 16.866941969334793 to Driver 191
2016-11-02 00:24:31 +0800 +08 [Dispatcher 1, Count: 1]Task c839aa3033d3599ee05b092df6a62acd (2016-11-02 00:07:21 +0800 +08) with value 50.48, distance 16.827648650773423 to Driver 37
2016-11-02 00:24:31 +0800 +08 [Dispatcher 1, Count: 1]Task b32e5cdbf8a36f226d86e6e1eb9e6724 (2016-11-02 00:05:04 +0800 +08) with value 50.35, distance 16.783670787467116 to Driver 39
2016-11-02 00:24:31 +0800 +08 [Dispatcher 1, Count: 1]Task 90998e13406cac9b7387de9e997711f1 (2016-11-02 00:04:43 +0800 +08) with value 49.55, distance 16.517830813817394 to Driver 74
2016-11-02 00:24:31 +0800 +08 [Dispatcher 1, Count: 1]Task 91876b1a65b19f2ede9e6476e1e39b87 (2016-11-02 00:06:23 +0800 +08) with value 49.38, distance 16.458610027709966 to Driver 139
2016-11-02 00:24:31 +0800 +08 [Dispatcher 1, Count: 1]Task 34141a7b0130af822d8df8367ff1e824 (2016-11-02 00:03:17 +0800 +08) with value 48.03, distance 16.008891882652772 to Driver 162
2016-11-02 00:24:31 +0800 +08 [Dispatcher 1, Count: 1]Task ac21bb1c4314a129be616bfc863dd8fa (2016-11-02 00:05:33 +0800 +08) with value 47.61, distance 15.871145034736806 to Driver 192
2016-11-02 00:24:31 +0800 +08 [Dispatcher 1, Count: 1]Task b252ae489d78cc31ddb61a0c2b9f7244 (2016-11-02 00:07:33 +0800 +08) with value 46.06, distance 15.351831485094568 to Driver 197
2016-11-02 00:24:31 +0800 +08 [Dispatcher 1, Count: 1]Task e001da3bdeb9e3f2c5ad14e7171bd78b (2016-11-02 00:04:54 +0800 +08) with value 44.07, distance 14.688609529695032 to Driver 34
2016-11-02 00:24:31 +0800 +08 [Dispatcher 1, Count: 1]Task cb7503b4667b9aac47cf40cad845cdba (2016-11-02 00:05:54 +0800 +08) with value 43.89, distance 14.630084866999411 to Driver 87
2016-11-02 00:24:31 +0800 +08 [Dispatcher 1, Count: 1]Task 74f71ddde1f4beacb13b37a4e760248b (2016-11-02 00:07:07 +0800 +08) with value 43.29, distance 14.430083553790574 to Driver 122
2016-11-02 00:24:31 +0800 +08 [Dispatcher 1, Count: 1]Task f56431c088951a26a9b7fdb6db048bb0 (2016-11-02 00:07:15 +0800 +08) with value 42.75, distance 14.249469074911048 to Driver 138
2016-11-02 00:24:31 +0800 +08 [Dispatcher 1, Count: 1]Task 99ebde73664e0fd5fab7fbaec37c8a86 (2016-11-02 00:06:21 +0800 +08) with value 41.76, distance 13.918335608656328 to Driver 153
2016-11-02 00:24:31 +0800 +08 [Dispatcher 1, Count: 1]Task 40552da099d293ca0805fe870cea86f9 (2016-11-02 00:05:45 +0800 +08) with value 41.53, distance 13.843207834337178 to Driver 198
2016-11-02 00:24:31 +0800 +08 [Dispatcher 1, Count: 1]Task 1687fdef73e74b3936d715fdc34ba4d7 (2016-11-02 00:06:20 +0800 +08) with value 41.38, distance 13.79237686651565 to Driver 3
2016-11-02 00:24:31 +0800 +08 [Dispatcher 1, Count: 1]Task bf45b9d4d60295366e9fee8f53b36653 (2016-11-02 00:05:09 +0800 +08) with value 41.22, distance 13.740333544264733 to Driver 60
2016-11-02 00:24:31 +0800 +08 [Dispatcher 1, Count: 1]Task 31af657fb30c369b6d994ae0ecc33e73 (2016-11-02 00:05:54 +0800 +08) with value 40.87, distance 13.624742340025936 to Driver 86
2016-11-02 00:24:31 +0800 +08 [Dispatcher 1, Count: 1]Task 91332b653ab841e13ff9e1e92e8ab2bd (2016-11-02 00:04:59 +0800 +08) with value 39.63, distance 13.209512809953283 to Driver 147
2016-11-02 00:24:31 +0800 +08 [Dispatcher 1, Count: 1]Task 0a4cca39b85a1dbff2345649f92015b7 (2016-11-02 00:03:45 +0800 +08) with value 39.41, distance 13.137751271322912 to Driver 186
2016-11-02 00:24:31 +0800 +08 [Dispatcher 1, Count: 1]Task 4ce240dc5bd37c98e7c89c3130f492ea (2016-11-02 00:06:40 +0800 +08) with value 39.19, distance 13.064920211777563 to Driver 23
2016-11-02 00:24:31 +0800 +08 [Dispatcher 1, Count: 1]Task 708272d29cd162bb8484fda4c8c85ce1 (2016-11-02 00:05:45 +0800 +08) with value 38.92, distance 12.973729052480875 to Driver 25
2016-11-02 00:24:31 +0800 +08 [Dispatcher 1, Count: 1]Task effd46dc8aa00d670450babef6df1ad4 (2016-11-02 00:05:07 +0800 +08) with value 37.65, distance 12.551107426564823 to Driver 46
2016-11-02 00:24:31 +0800 +08 [Dispatcher 1, Count: 1]Task 91f72b6bab0276eb6d5bebd5c2f97efe (2016-11-02 00:06:29 +0800 +08) with value 37.56, distance 12.520520781766706 to Driver 103
2016-11-02 00:24:31 +0800 +08 [Dispatcher 1, Count: 1]Task 715a174088b2032a23e8fa3ade27ca53 (2016-11-02 00:05:02 +0800 +08) with value 37.36, distance 12.451873667588021 to Driver 120
2016-11-02 00:24:31 +0800 +08 [Dispatcher 1, Count: 1]Task f0759359378a4773f8f51aeef95be480 (2016-11-02 00:05:41 +0800 +08) with value 37.26, distance 12.420209139096022 to Driver 179
2016-11-02 00:24:31 +0800 +08 [Dispatcher 1, Count: 1]Task 5c8ac229133a2f0f51d7a5f87ae1ed37 (2016-11-02 00:04:06 +0800 +08) with value 37.22, distance 12.405243959066832 to Driver 183
2016-11-02 00:24:31 +0800 +08 [Dispatcher 1, Count: 1]Task b4bd0acf15979f7d9377d6f886bd1355 (2016-11-02 00:05:40 +0800 +08) with value 37.02, distance 12.341546574061477 to Driver 42
2016-11-02 00:24:31 +0800 +08 [Dispatcher 1, Count: 1]Task 7471cee8e89b7340d1be74a71727b53e (2016-11-02 00:02:51 +0800 +08) with value 36.96, distance 12.321614347264765 to Driver 102
2016-11-02 00:24:31 +0800 +08 [Dispatcher 1, Count: 1]Task 5674681b16f9d558a198439e4f400e5f (2016-11-02 00:04:44 +0800 +08) with value 35.52, distance 11.839936371241837 to Driver 123
2016-11-02 00:24:31 +0800 +08 [Dispatcher 1, Count: 1]Task 33b2107ea93765dd1d84c373d3d94116 (2016-11-02 00:06:52 +0800 +08) with value 34.27, distance 11.424048205331946 to Driver 135
2016-11-02 00:24:31 +0800 +08 [Dispatcher 1, Count: 1]Task 1060d0e6e7d819238e62f40e0523274c (2016-11-02 00:06:22 +0800 +08) with value 33.79, distance 11.264126994922194 to Driver 142
2016-11-02 00:24:31 +0800 +08 [Dispatcher 1, Count: 1]Task c560c9fb322dd7f88f80a65f2c5ef628 (2016-11-02 00:06:56 +0800 +08) with value 33.56, distance 11.186356952906095 to Driver 146
2016-11-02 00:24:31 +0800 +08 [Dispatcher 1, Count: 1]Task d25031ff95eaf7e79d11b4f2f791c892 (2016-11-02 00:05:59 +0800 +08) with value 33.14, distance 11.047615174386893 to Driver 163
2016-11-02 00:24:31 +0800 +08 [Dispatcher 1, Count: 1]Task 77f6b47887d8e7ba69c3d59c8a2a7260 (2016-11-02 00:07:17 +0800 +08) with value 32.92, distance 10.972133975175785 to Driver 174
2016-11-02 00:24:31 +0800 +08 [Dispatcher 1, Count: 1]Task b25833e93d7e8cb5eae5aa871b820be3 (2016-11-02 00:04:47 +0800 +08) with value 32.83, distance 10.943599950353875 to Driver 8
2016-11-02 00:24:31 +0800 +08 [Dispatcher 1, Count: 1]Task 3d1bdcba87410d97ad60bdb4362419bd (2016-11-02 00:04:36 +0800 +08) with value 32.73, distance 10.909798743912248 to Driver 30
2016-11-02 00:24:31 +0800 +08 [Dispatcher 1, Count: 1]Task cc8afdca465713f2589101fea0871b60 (2016-11-02 00:03:08 +0800 +08) with value 32.08, distance 10.694437173649398 to Driver 110
2016-11-02 00:24:31 +0800 +08 [Dispatcher 1, Count: 1]Task 1f92b3476177cd2642e1399cfc7dc1db (2016-11-02 00:04:37 +0800 +08) with value 31.58, distance 10.525400986211897 to Driver 118
2016-11-02 00:24:31 +0800 +08 [Dispatcher 1, Count: 1]Task 58609fdf1f87f3f569e18a5ca5d649f6 (2016-11-02 00:06:42 +0800 +08) with value 31.5, distance 10.499568311166902 to Driver 131
2016-11-02 00:24:31 +0800 +08 [Dispatcher 1, Count: 1]Task 2e79078b7f8b8f87a14f93e0761de450 (2016-11-02 00:06:06 +0800 +08) with value 31.2, distance 10.399702470812766 to Driver 31
2016-11-02 00:24:31 +0800 +08 [Dispatcher 1, Count: 1]Task 1094c07a7d70a43795b181b3de8a594c (2016-11-02 00:05:47 +0800 +08) with value 31.17, distance 10.388382492190328 to Driver 44
2016-11-02 00:24:31 +0800 +08 [Dispatcher 1, Count: 1]Task e822e91b692e940f89ea0265d657bf3b (2016-11-02 00:06:50 +0800 +08) with value 30.19, distance 10.062792172145672 to Driver 126
2016-11-02 00:24:31 +0800 +08 [Dispatcher 1, Count: 1]Task 14ebd463c10679c10303928f588316e1 (2016-11-02 00:05:38 +0800 +08) with value 30.09, distance 10.030120916781767 to Driver 154
2016-11-02 00:24:31 +0800 +08 [Dispatcher 1, Count: 1]Task 577a4591858e95b90203f4b26b38c330 (2016-11-02 00:06:17 +0800 +08) with value 29.2, distance 9.733775896344653 to Driver 157
2016-11-02 00:24:31 +0800 +08 [Dispatcher 1, Count: 1]Task 9906c72ddc39d30b4e5d01a5ee07f41f (2016-11-02 00:04:51 +0800 +08) with value 28.88, distance 9.626464068880184 to Driver 1
2016-11-02 00:24:31 +0800 +08 [Dispatcher 1, Count: 1]Task 6b24a760718f6913f95d46da4dc191c9 (2016-11-02 00:05:36 +0800 +08) with value 28.48, distance 9.493583713037415 to Driver 4
2016-11-02 00:24:31 +0800 +08 [Dispatcher 1, Count: 1]Task 8cbe5036a715532fb28ea851087a9fff (2016-11-02 00:07:34 +0800 +08) with value 28.48, distance 9.494684136523947 to Driver 16
2016-11-02 00:24:31 +0800 +08 [Dispatcher 1, Count: 1]Task 914ec496ed140df62560d93880924f8b (2016-11-02 00:07:11 +0800 +08) with value 27.56, distance 9.186991444870943 to Driver 88
2016-11-02 00:24:31 +0800 +08 [Dispatcher 1, Count: 1]Task e6564480ebb2c6e73526b866b46f1831 (2016-11-02 00:04:54 +0800 +08) with value 27.44, distance 9.147147172847323 to Driver 99
2016-11-02 00:24:31 +0800 +08 [Dispatcher 1, Count: 1]Task 65530a6e14ef2a00a484fe13214ea731 (2016-11-02 00:04:44 +0800 +08) with value 27.19, distance 9.06217378332142 to Driver 176
2016-11-02 00:24:31 +0800 +08 [Dispatcher 1, Count: 1]Task c621b7cb71ec35d608235922b574af04 (2016-11-02 00:06:22 +0800 +08) with value 26.79, distance 8.930071550801005 to Driver 178
2016-11-02 00:24:31 +0800 +08 [Dispatcher 1, Count: 1]Task 4154dc27becbf9bac138a288e672aa5e (2016-11-02 00:04:15 +0800 +08) with value 26.69, distance 8.89614175515581 to Driver 200
2016-11-02 00:24:31 +0800 +08 [Dispatcher 1, Count: 1]Task 152c11ce42ec5d929a0cd5f413bb1324 (2016-11-02 00:06:47 +0800 +08) with value 26.18, distance 8.725440876783765 to Driver 26
2016-11-02 00:24:31 +0800 +08 [Dispatcher 1, Count: 1]Task 9e9f21a19b917faa2537685d055f62c1 (2016-11-02 00:07:27 +0800 +08) with value 26.17, distance 8.724802117533146 to Driver 72
2016-11-02 00:24:31 +0800 +08 [Dispatcher 1, Count: 1]Task 6f5dbc38e876c9c1f92687d8cafb3751 (2016-11-02 00:05:25 +0800 +08) with value 26.13, distance 8.71003134260513 to Driver 165
2016-11-02 00:24:31 +0800 +08 [Dispatcher 1, Count: 1]Task 5fc4b640089d32bc4b876ef22100adc5 (2016-11-02 00:04:03 +0800 +08) with value 25.77, distance 8.59018915827519 to Driver 171
2016-11-02 00:24:31 +0800 +08 [Dispatcher 1, Count: 1]Task 5d87c2539d487940f9e508037e0b6aa0 (2016-11-02 00:06:58 +0800 +08) with value 25.56, distance 8.52144756477408 to Driver 175
2016-11-02 00:24:31 +0800 +08 [Dispatcher 1, Count: 1]Task eaeffbe30ed1b7d53d02bb36624e4214 (2016-11-02 00:04:27 +0800 +08) with value 25.41, distance 8.469675429646589 to Driver 177
2016-11-02 00:24:31 +0800 +08 [Dispatcher 1, Count: 1]Task 1efba3a54e5896016ffc9080cb99466d (2016-11-02 00:02:38 +0800 +08) with value 25.07, distance 8.357057865772374 to Driver 187
2016-11-02 00:24:31 +0800 +08 [Dispatcher 1, Count: 1]Task d7c963a597a13c9455e05599464ee327 (2016-11-02 00:06:59 +0800 +08) with value 24.96, distance 8.318479933025735 to Driver 21
2016-11-02 00:24:31 +0800 +08 [Dispatcher 1, Count: 1]Task 8a2591d48d43b6eef03484c192119aae (2016-11-02 00:07:15 +0800 +08) with value 24.4, distance 8.134022526609684 to Driver 29
2016-11-02 00:24:31 +0800 +08 [Dispatcher 1, Count: 1]Task 8ac1c3c4024eedf1cbf9c9e178cdda4d (2016-11-02 00:06:08 +0800 +08) with value 24.32, distance 8.108147541462724 to Driver 45
2016-11-02 00:24:31 +0800 +08 [Dispatcher 1, Count: 1]Task bd6231d93a3c271b4a0f050c455c4997 (2016-11-02 00:06:42 +0800 +08) with value 23.73, distance 7.909683879292032 to Driver 58
2016-11-02 00:24:31 +0800 +08 [Dispatcher 1, Count: 1]Task 884030703871022a800d515de6573d01 (2016-11-02 00:06:50 +0800 +08) with value 23.11, distance 7.704128362252432 to Driver 107
2016-11-02 00:24:31 +0800 +08 [Dispatcher 1, Count: 1]Task aae1f650c693fb5e3247d1db0643217d (2016-11-02 00:06:10 +0800 +08) with value 23, distance 7.666694390818977 to Driver 141
2016-11-02 00:24:31 +0800 +08 [Dispatcher 1, Count: 1]Task 18546881530622e3a5ec7997b8143a1e (2016-11-02 00:03:20 +0800 +08) with value 22.95, distance 7.650742760265918 to Driver 193
2016-11-02 00:24:31 +0800 +08 [Dispatcher 1, Count: 1]Task 986c0e11dc1e207544e2a13bef1941b2 (2016-11-02 00:04:59 +0800 +08) with value 22.89, distance 7.6308222870697815 to Driver 38
2016-11-02 00:24:31 +0800 +08 [Dispatcher 1, Count: 1]Task cf406170c3fc1be344b606c3672e9198 (2016-11-02 00:01:35 +0800 +08) with value 22.74, distance 7.58028150652514 to Driver 64
2016-11-02 00:24:31 +0800 +08 [Dispatcher 1, Count: 1]Task 2a096772a33cd21b0cc8f0d4fb3682dd (2016-11-02 00:07:22 +0800 +08) with value 22.69, distance 7.563868349769695 to Driver 65
2016-11-02 00:24:31 +0800 +08 [Dispatcher 1, Count: 1]Task 203c5779ecd29cda6a47cbf5992334a4 (2016-11-02 00:03:37 +0800 +08) with value 22.43, distance 7.476132007112463 to Driver 78
2016-11-02 00:24:31 +0800 +08 [Dispatcher 1, Count: 1]Task 83f951b52ff06723126de26183d23e12 (2016-11-02 00:06:55 +0800 +08) with value 22.33, distance 7.44188368038537 to Driver 90
2016-11-02 00:24:31 +0800 +08 [Dispatcher 1, Count: 1]Task b8ddcf70e3f7d5abee7ca3aca56c603a (2016-11-02 00:04:29 +0800 +08) with value 22.14, distance 7.378470316771919 to Driver 24
2016-11-02 00:24:31 +0800 +08 [Dispatcher 1, Count: 1]Task c3553f158d8224e8a2e927ad0c751109 (2016-11-02 00:05:00 +0800 +08) with value 22.12, distance 7.373770379912865 to Driver 81
2016-11-02 00:24:31 +0800 +08 [Dispatcher 1, Count: 1]Task a383495570d7c4388750866f02195d88 (2016-11-02 00:07:31 +0800 +08) with value 21.88, distance 7.294792770492671 to Driver 113
2016-11-02 00:24:31 +0800 +08 [Dispatcher 1, Count: 1]Task 11455bb678aea10a389ee0cc99be976b (2016-11-02 00:05:37 +0800 +08) with value 21.87, distance 7.289479984442093 to Driver 127
2016-11-02 00:24:31 +0800 +08 [Dispatcher 1, Count: 1]Task 71643874a341afb1f378652b7f5c40c5 (2016-11-02 00:06:20 +0800 +08) with value 21.83, distance 7.276818133338328 to Driver 145
2016-11-02 00:24:31 +0800 +08 [Dispatcher 1, Count: 1]Task 26f864f41df1a59f76dcc1bdf55de2c3 (2016-11-02 00:06:57 +0800 +08) with value 21.75, distance 7.250905044910349 to Driver 7
2016-11-02 00:24:31 +0800 +08 [Dispatcher 1, Count: 1]Task 0c0787aa1a262d7ba6fa43a2095b1b41 (2016-11-02 00:06:23 +0800 +08) with value 21.53, distance 7.1769013295703115 to Driver 41
2016-11-02 00:24:31 +0800 +08 [Dispatcher 1, Count: 1]Task 432382afafde70651d2c72aa9cbd57f1 (2016-11-02 00:06:04 +0800 +08) with value 21.49, distance 7.162994925058139 to Driver 54
2016-11-02 00:24:31 +0800 +08 [Dispatcher 1, Count: 1]Task a641765a4348d73fba42a58ee3decd5d (2016-11-02 00:05:04 +0800 +08) with value 21.22, distance 7.074516004010775 to Driver 98
2016-11-02 00:24:31 +0800 +08 [Dispatcher 1, Count: 1]Task 6e69f84bfb061160347a40506a631d89 (2016-11-02 00:05:42 +0800 +08) with value 21.22, distance 7.073331397310859 to Driver 105
2016-11-02 00:24:31 +0800 +08 [Dispatcher 1, Count: 1]Task 74df4d914c6e121b848ed22622459986 (2016-11-02 00:06:29 +0800 +08) with value 21.13, distance 7.042279830879725 to Driver 148
2016-11-02 00:24:31 +0800 +08 [Dispatcher 1, Count: 1]Task cb1bf81146a877d2457dd8912d75c559 (2016-11-02 00:05:44 +0800 +08) with value 21.08, distance 7.02511302215897 to Driver 161
2016-11-02 00:24:31 +0800 +08 [Dispatcher 1, Count: 1]Task 0c28a67770b2bc317902f35226cd57db (2016-11-02 00:05:33 +0800 +08) with value 21.04, distance 7.013075660688664 to Driver 181
2016-11-02 00:24:31 +0800 +08 [Dispatcher 1, Count: 1]Task 45a7964bc2d755165ed76c07b911085f (2016-11-02 00:06:44 +0800 +08) with value 21.02, distance 7.005743494568882 to Driver 189
2016-11-02 00:24:31 +0800 +08 [Dispatcher 1, Count: 1]Task 53f5e3fa2059ab8d13c53394cdab4a07 (2016-11-02 00:01:52 +0800 +08) with value 20.78, distance 6.927798721061542 to Driver 89
2016-11-02 00:24:31 +0800 +08 [Dispatcher 1, Count: 1]Task ebf7dd65b1229c55d24fb854cd2735ac (2016-11-02 00:06:31 +0800 +08) with value 20.22, distance 6.738339072386076 to Driver 6
2016-11-02 00:24:31 +0800 +08 [Dispatcher 1, Count: 1]Task ec43a2fe4eb17e599e959ae3c76a3f7e (2016-11-02 00:05:18 +0800 +08) with value 19.81, distance 6.602953305662991 to Driver 128
2016-11-02 00:24:31 +0800 +08 [Dispatcher 1, Count: 1]Task fba865dd5b1cd788e946518d559f57ba (2016-11-02 00:06:32 +0800 +08) with value 19.63, distance 6.544368028719347 to Driver 134
2016-11-02 00:24:31 +0800 +08 [Dispatcher 1, Count: 1]Task a1a14f1247c100ded483ef29e033f9fb (2016-11-02 00:06:42 +0800 +08) with value 19.61, distance 6.537804937662921 to Driver 156
2016-11-02 00:24:31 +0800 +08 [Dispatcher 1, Count: 1]Task c746c225c209a61a90ac7f7f0cd6a957 (2016-11-02 00:06:29 +0800 +08) with value 19.52, distance 6.505300164908986 to Driver 194
2016-11-02 00:24:31 +0800 +08 [Dispatcher 1, Count: 1]Task 54a02c834c34b8d725e480565017b9b1 (2016-11-02 00:05:06 +0800 +08) with value 19.51, distance 6.50293171378656 to Driver 170
2016-11-02 00:24:31 +0800 +08 [Dispatcher 1, Count: 1]Task 98269a2eb0c7e1d76628c3fd9c16c51f (2016-11-02 00:01:59 +0800 +08) with value 19.36, distance 6.452301565546429 to Driver 180
2016-11-02 00:24:31 +0800 +08 [Dispatcher 1, Count: 1]Task 545c16bd5947943ab1385884d02bcc56 (2016-11-02 00:05:29 +0800 +08) with value 19.03, distance 6.343442773938316 to Driver 12
2016-11-02 00:24:31 +0800 +08 [Dispatcher 1, Count: 1]Task e9c0f16a07e7fe900d25838f0cd4feac (2016-11-02 00:04:29 +0800 +08) with value 18.97, distance 6.322832920834984 to Driver 68
2016-11-02 00:24:31 +0800 +08 [Dispatcher 1, Count: 1]Task bbc26e9075048e7ce201f66f99cf18e5 (2016-11-02 00:02:41 +0800 +08) with value 18.96, distance 6.318567307010591 to Driver 82
2016-11-02 00:24:31 +0800 +08 [Dispatcher 1, Count: 1]Task d3677710e00099cf4ca86aeb6bb22658 (2016-11-02 00:05:48 +0800 +08) with value 18.72, distance 6.240743432081782 to Driver 115
2016-11-02 00:24:31 +0800 +08 [Dispatcher 1, Count: 1]Task cdf502b0d32a39aec5c57379fbffcd44 (2016-11-02 00:07:05 +0800 +08) with value 18.72, distance 6.241486289117639 to Driver 151
2016-11-02 00:24:31 +0800 +08 [Dispatcher 1, Count: 1]Task 196090eedcabe6367842ec0f256573c5 (2016-11-02 00:04:43 +0800 +08) with value 18.47, distance 6.156926886314175 to Driver 173
2016-11-02 00:24:31 +0800 +08 [Dispatcher 1, Count: 1]Task 000c963eaebf96ad71ea1dbff83e1b57 (2016-11-02 00:05:36 +0800 +08) with value 18.37, distance 6.122029211221056 to Driver 43
2016-11-02 00:24:31 +0800 +08 [Dispatcher 1, Count: 1]Task e91eabd54651ed069fb09708fbb3cb04 (2016-11-02 00:02:32 +0800 +08) with value 18.36, distance 6.121389471971892 to Driver 75
2016-11-02 00:24:31 +0800 +08 [Dispatcher 1, Count: 1]Task c3a6569ddf6ea2435d5071980ee23c6b (2016-11-02 00:05:00 +0800 +08) with value 18.17, distance 6.057025996573148 to Driver 92
2016-11-02 00:24:31 +0800 +08 [Dispatcher 1, Count: 1]Task ba359c76f1408a71ea3683f1b50cbc03 (2016-11-02 00:06:16 +0800 +08) with value 17.76, distance 5.919286821705674 to Driver 114
2016-11-02 00:24:31 +0800 +08 [Dispatcher 1, Count: 1]Task 4648aa006e84c352832b0c9323c4edc8 (2016-11-02 00:06:13 +0800 +08) with value 17.5, distance 5.833706112820254 to Driver 125
2016-11-02 00:24:31 +0800 +08 [Dispatcher 1, Count: 1]Task 37ce72968be30b0e17be6e842f9f3ff2 (2016-11-02 00:03:31 +0800 +08) with value 17.48, distance 5.827208150505563 to Driver 166
2016-11-02 00:24:31 +0800 +08 [Dispatcher 1, Count: 1]Task 8656c12a8e0025d779454e6a5c96a8a7 (2016-11-02 00:04:12 +0800 +08) with value 17.18, distance 5.7258739542196375 to Driver 5
2016-11-02 00:24:31 +0800 +08 [Dispatcher 1, Count: 1]Task 36fe7cd892ebbe830dd968d7aec3541d (2016-11-02 00:04:31 +0800 +08) with value 17.17, distance 5.722075181066713 to Driver 51
2016-11-02 00:24:31 +0800 +08 [Dispatcher 1, Count: 1]Task 3bf267773807727968da447ff4accb7c (2016-11-02 00:05:15 +0800 +08) with value 17.13, distance 5.7106785172432435 to Driver 52
2016-11-02 00:24:31 +0800 +08 [Dispatcher 1, Count: 1]Task 82191487ff7ffeea23f1028d5e95ea52 (2016-11-02 00:05:12 +0800 +08) with value 17.09, distance 5.6969882724220176 to Driver 66
2016-11-02 00:24:31 +0800 +08 [Dispatcher 1, Count: 1]Task f5e16da305559e91b070e030d5744630 (2016-11-02 00:05:41 +0800 +08) with value 16.63, distance 5.544465172140246 to Driver 91
2016-11-02 00:24:31 +0800 +08 [Dispatcher 1, Count: 1]Task ebdfefd17d0ac8510a4d95c9e1cbb42d (2016-11-02 00:05:42 +0800 +08) with value 16.61, distance 5.536624489415116 to Driver 159
2016-11-02 00:24:31 +0800 +08 [Dispatcher 1, Count: 1]Task 436ea3f8c47141b7f0b6b6a41404ec10 (2016-11-02 00:07:05 +0800 +08) with value 16.56, distance 5.520798562179411 to Driver 160
